Array
(
    [id] => 1
    [productName] => Treadmill
    [productDescription] => High-performance treadmill with adjustable speed and incline
    [price] => 1299.99
    [stockQuantity] => 25
    [soldQuantity] => 15
    [category] => 1
    [promotion] => 1
)
Array
(
    [productImages] => Array
        (
            [name] => WhatsApp Image 2024-09-11 at 14.54.20_5392b938.jpg
            [full_path] => WhatsApp Image 2024-09-11 at 14.54.20_5392b938.jpg
            [type] => image/jpeg
            [tmp_name] => C:\xampp\tmp\php38BB.tmp
            [error] => 0
            [size] => 24199
        )

)
Array
(
    [id] => 1
    [productName] => Treadmill
    [productDescription] => High-performance treadmill with adjustable speed and incline
    [price] => 1299.99
    [stockQuantity] => 50
    [soldQuantity] => 15
    [category] => 1
    [promotion] => 1
)
Array
(
    [productImages] => Array
        (
            [name] => 
            [full_path] => 
            [type] => 
            [tmp_name] => 
            [error] => 4
            [size] => 0
        )

)
Array
(
    [id] => 1
    [productName] => Treadmill
    [productDescription] => High-performance treadmill with adjustable speed and incline
    [price] => 1299.99
    [stockQuantity] => 50
    [soldQuantity] => 15
    [category] => 1
    [promotion] => 1
)
Array
(
    [productImages] => Array
        (
            [name] => WhatsApp Image 2024-09-11 at 14.54.20_5392b938.jpg
            [full_path] => WhatsApp Image 2024-09-11 at 14.54.20_5392b938.jpg
            [type] => image/jpeg
            [tmp_name] => C:\xampp\tmp\php8FC7.tmp
            [error] => 0
            [size] => 24199
        )

)
Array
(
    [id] => 1
    [productName] => Treadmill
    [productDescription] => High-performance treadmill with adjustable speed and incline
    [price] => 1299.99
    [stockQuantity] => 50
    [soldQuantity] => 15
    [category] => 1
    [promotion] => 1
)
Array
(
    [productImages] => Array
        (
            [name] => Array
                (
                    [0] => WhatsApp Image 2024-09-11 at 15.02.10_304b185a.jpg
                    [1] => WhatsApp Image 2024-09-11 at 14.54.20_5392b938.jpg
                    [2] => WhatsApp Image 2024-09-11 at 14.25.51_de9bb197.jpg
                    [3] => WhatsApp Image 2024-09-10 at 23.42.25_a55ba104.jpg
                )

            [full_path] => Array
                (
                    [0] => WhatsApp Image 2024-09-11 at 15.02.10_304b185a.jpg
                    [1] => WhatsApp Image 2024-09-11 at 14.54.20_5392b938.jpg
                    [2] => WhatsApp Image 2024-09-11 at 14.25.51_de9bb197.jpg
                    [3] => WhatsApp Image 2024-09-10 at 23.42.25_a55ba104.jpg
                )

            [type] => Array
                (
                    [0] => image/jpeg
                    [1] => image/jpeg
                    [2] => image/jpeg
                    [3] => image/jpeg
                )

            [tmp_name] => Array
                (
                    [0] => C:\xampp\tmp\phpA05A.tmp
                    [1] => C:\xampp\tmp\phpA05B.tmp
                    [2] => C:\xampp\tmp\phpA05C.tmp
                    [3] => C:\xampp\tmp\phpA05D.tmp
                )

            [error] => Array
                (
                    [0] => 0
                    [1] => 0
                    [2] => 0
                    [3] => 0
                )

            [size] => Array
                (
                    [0] => 26359
                    [1] => 24199
                    [2] => 39594
                    [3] => 7220
                )

        )

)
Array
(
    [id] => 1
    [productName] => Treadmill
    [productDescription] => High-performance treadmill with adjustable speed and incline
    [price] => 1299.99
    [stockQuantity] => 50
    [soldQuantity] => 15
    [category] => 1
    [promotion] => 1
)
Array
(
    [productImages] => Array
        (
            [name] => Array
                (
                    [0] => Blue Illustration Innovation Technology Poster (5).png
                    [1] => ui_page-0001.jpg
                    [2] => MapInterface_page-0001.jpg
                )

            [full_path] => Array
                (
                    [0] => Blue Illustration Innovation Technology Poster (5).png
                    [1] => ui_page-0001.jpg
                    [2] => MapInterface_page-0001.jpg
                )

            [type] => Array
                (
                    [0] => image/png
                    [1] => image/jpeg
                    [2] => image/jpeg
                )

            [tmp_name] => Array
                (
                    [0] => C:\xampp\tmp\phpA338.tmp
                    [1] => C:\xampp\tmp\phpA339.tmp
                    [2] => C:\xampp\tmp\phpA33A.tmp
                )

            [error] => Array
                (
                    [0] => 0
                    [1] => 0
                    [2] => 0
                )

            [size] => Array
                (
                    [0] => 712504
                    [1] => 211607
                    [2] => 169876
                )

        )

)
Array
(
    [id] => 3
    [productName] => Yoga Mat
    [productDescription] => Durable and non-slip yoga mat for various exercises
    [price] => 49.99
    [stockQuantity] => 100
    [soldQuantity] => 50
    [category] => 3
    [promotion] =>  
)
Array
(
    [productImages] => Array
        (
            [name] => Array
                (
                    [0] => WhatsApp Image 2024-09-11 at 14.54.20_5392b938.jpg
                    [1] => WhatsApp Image 2024-09-11 at 14.25.51_de9bb197.jpg
                    [2] => WhatsApp Image 2024-09-10 at 23.42.25_a55ba104.jpg
                )

            [full_path] => Array
                (
                    [0] => WhatsApp Image 2024-09-11 at 14.54.20_5392b938.jpg
                    [1] => WhatsApp Image 2024-09-11 at 14.25.51_de9bb197.jpg
                    [2] => WhatsApp Image 2024-09-10 at 23.42.25_a55ba104.jpg
                )

            [type] => Array
                (
                    [0] => image/jpeg
                    [1] => image/jpeg
                    [2] => image/jpeg
                )

            [tmp_name] => Array
                (
                    [0] => C:\xampp\tmp\phpC45D.tmp
                    [1] => C:\xampp\tmp\phpC45E.tmp
                    [2] => C:\xampp\tmp\phpC45F.tmp
                )

            [error] => Array
                (
                    [0] => 0
                    [1] => 0
                    [2] => 0
                )

            [size] => Array
                (
                    [0] => 24199
                    [1] => 39594
                    [2] => 7220
                )

        )

)
Array
(
    [id] => 4
    [productName] => Rowing Machine
    [productDescription] => Efficient rowing machine for a full-body workout
    [price] => 799.99
    [stockQuantity] => 15
    [soldQuantity] => 5
    [category] => 1
    [promotion] => 1
)
Array
(
    [productImages] => Array
        (
            [name] => Array
                (
                    [0] => Blue Illustration Innovation Technology Poster (2).png
                )

            [full_path] => Array
                (
                    [0] => Blue Illustration Innovation Technology Poster (2).png
                )

            [type] => Array
                (
                    [0] => image/png
                )

            [tmp_name] => Array
                (
                    [0] => C:\xampp\tmp\phpF6BB.tmp
                )

            [error] => Array
                (
                    [0] => 0
                )

            [size] => Array
                (
                    [0] => 1308430
                )

        )

)
Array
(
    [id] => 5
    [productName] => Resistance Bands
    [productDescription] => Set of 3 resistance bands for versatile workouts
    [price] => 19.99
    [stockQuantity] => 200
    [soldQuantity] => 120
    [category] => 2
    [promotion] => 5
)
Array
(
    [productImages] => Array
        (
            [name] => Array
                (
                    [0] => logo-safitex-1.jpg
                )

            [full_path] => Array
                (
                    [0] => logo-safitex-1.jpg
                )

            [type] => Array
                (
                    [0] => image/jpeg
                )

            [tmp_name] => Array
                (
                    [0] => C:\xampp\tmp\php25DA.tmp
                )

            [error] => Array
                (
                    [0] => 0
                )

            [size] => Array
                (
                    [0] => 33828
                )

        )

)
Array
(
    [id] => 26
    [productName] => 23
    [productDescription] => 2
    [sizeType] => standard
    [sizes] => Array
        (
            [0] => S
            [1] => M
            [2] => XL
        )

    [price] => 23
    [stockQuantity] => 23
    [soldQuantity] => 23
    [category] => 1
    [promotion] =>  
)
Array
(
    [productImages] => Array
        (
            [name] => Array
                (
                    [0] => 
                )

            [full_path] => Array
                (
                    [0] => 
                )

            [type] => Array
                (
                    [0] => 
                )

            [tmp_name] => Array
                (
                    [0] => 
                )

            [error] => Array
                (
                    [0] => 4
                )

            [size] => Array
                (
                    [0] => 0
                )

        )

)
Array
(
    [id] => 26
    [productName] => 23
    [productDescription] => 2
    [sizeType] => standard
    [sizes] => Array
        (
            [0] => S
            [1] => XL
        )

    [price] => 23
    [stockQuantity] => 23
    [soldQuantity] => 23
    [category] => 1
    [promotion] =>  
)
Array
(
    [productImages] => Array
        (
            [name] => Array
                (
                    [0] => WhatsApp Image 2024-09-11 at 15.02.10_304b185a.jpg
                )

            [full_path] => Array
                (
                    [0] => WhatsApp Image 2024-09-11 at 15.02.10_304b185a.jpg
                )

            [type] => Array
                (
                    [0] => image/jpeg
                )

            [tmp_name] => Array
                (
                    [0] => C:\xampp\tmp\phpF3D5.tmp
                )

            [error] => Array
                (
                    [0] => 0
                )

            [size] => Array
                (
                    [0] => 26359
                )

        )

)
Array
(
    [id] => 26
    [productName] => 23
    [productDescription] => 2
    [sizeType] => standard
    [sizes] => Array
        (
            [0] => S
            [1] => XL
        )

    [price] => 23
    [stockQuantity] => 23
    [soldQuantity] => 23
    [category] => 1
    [promotion] =>  
)
Array
(
    [productImages] => Array
        (
            [name] => Array
                (
                    [0] => WhatsApp Image 2024-09-11 at 15.02.10_304b185a.jpg
                )

            [full_path] => Array
                (
                    [0] => WhatsApp Image 2024-09-11 at 15.02.10_304b185a.jpg
                )

            [type] => Array
                (
                    [0] => image/jpeg
                )

            [tmp_name] => Array
                (
                    [0] => C:\xampp\tmp\phpF3F5.tmp
                )

            [error] => Array
                (
                    [0] => 0
                )

            [size] => Array
                (
                    [0] => 26359
                )

        )

)
Array
(
    [id] => 26
    [productName] => 23
    [productDescription] => 2
    [sizeType] => standard
    [sizes] => Array
        (
            [0] => M
            [1] => L
        )

    [price] => 23
    [stockQuantity] => 23
    [soldQuantity] => 23
    [category] => 1
    [promotion] =>  
)
Array
(
    [productImages] => Array
        (
            [name] => Array
                (
                    [0] => 
                )

            [full_path] => Array
                (
                    [0] => 
                )

            [type] => Array
                (
                    [0] => 
                )

            [tmp_name] => Array
                (
                    [0] => 
                )

            [error] => Array
                (
                    [0] => 4
                )

            [size] => Array
                (
                    [0] => 0
                )

        )

)
Array
(
    [id] => 26
    [productName] => 23
    [productDescription] => 2
    [sizeType] => standard
    [sizes] => Array
        (
            [0] => S
            [1] => M
            [2] => L
        )

    [price] => 23
    [stockQuantity] => 23
    [soldQuantity] => 23
    [category] => 1
    [promotion] =>  
)
Array
(
    [productImages] => Array
        (
            [name] => Array
                (
                    [0] => WhatsApp Image 2024-09-11 at 19.35.27_1b0ab64d.jpg
                )

            [full_path] => Array
                (
                    [0] => WhatsApp Image 2024-09-11 at 19.35.27_1b0ab64d.jpg
                )

            [type] => Array
                (
                    [0] => image/jpeg
                )

            [tmp_name] => Array
                (
                    [0] => C:\xampp\tmp\php4BA8.tmp
                )

            [error] => Array
                (
                    [0] => 0
                )

            [size] => Array
                (
                    [0] => 60021
                )

        )

)
Array
(
    [id] => 26
    [productName] => 23
    [productDescription] => 2
    [sizeType] => standard
    [sizes] => Array
        (
            [0] => S
            [1] => M
            [2] => L
        )

    [price] => 23
    [stockQuantity] => 23
    [soldQuantity] => 23
    [category] => 1
    [promotion] =>  
)
Array
(
    [productImages] => Array
        (
            [name] => Array
                (
                    [0] => 
                )

            [full_path] => Array
                (
                    [0] => 
                )

            [type] => Array
                (
                    [0] => 
                )

            [tmp_name] => Array
                (
                    [0] => 
                )

            [error] => Array
                (
                    [0] => 4
                )

            [size] => Array
                (
                    [0] => 0
                )

        )

)
Array
(
    [id] => 26
    [productName] => 23
    [productDescription] => 2
    [sizeType] => 
    [sizes] => Array
        (
            [0] => S
            [1] => M
            [2] => L
        )

    [price] => 23
    [stockQuantity] => 23
    [soldQuantity] => 23
    [category] => 1
    [promotion] =>  
)
Array
(
    [productImages] => Array
        (
            [name] => Array
                (
                    [0] => WhatsApp Image 2024-09-11 at 14.54.20_5392b938.jpg
                )

            [full_path] => Array
                (
                    [0] => WhatsApp Image 2024-09-11 at 14.54.20_5392b938.jpg
                )

            [type] => Array
                (
                    [0] => image/jpeg
                )

            [tmp_name] => Array
                (
                    [0] => C:\xampp\tmp\phpE001.tmp
                )

            [error] => Array
                (
                    [0] => 0
                )

            [size] => Array
                (
                    [0] => 24199
                )

        )

)
Array
(
    [id] => 26
    [productName] => 23
    [productDescription] => 2
    [sizeType] => 
    [sizes] => Array
        (
            [0] => S
            [1] => M
            [2] => L
        )

    [price] => 23
    [stockQuantity] => 23
    [soldQuantity] => 23
    [category] => 1
    [promotion] =>  
)
Array
(
    [productImages] => Array
        (
            [name] => Array
                (
                    [0] => 
                )

            [full_path] => Array
                (
                    [0] => 
                )

            [type] => Array
                (
                    [0] => 
                )

            [tmp_name] => Array
                (
                    [0] => 
                )

            [error] => Array
                (
                    [0] => 4
                )

            [size] => Array
                (
                    [0] => 0
                )

        )

)
Array
(
    [id] => 26
    [productName] => 23
    [productDescription] => 2
    [sizeType] => 
    [sizes] => Array
        (
            [0] => S
            [1] => M
            [2] => L
        )

    [price] => 23
    [stockQuantity] => 23
    [soldQuantity] => 23
    [category] => 1
    [promotion] =>  
)
Array
(
    [productImages] => Array
        (
            [name] => Array
                (
                    [0] => Blue Illustration Innovation Technology Poster (5).png
                    [1] => ui_page-0001.jpg
                    [2] => MapInterface_page-0001.jpg
                )

            [full_path] => Array
                (
                    [0] => Blue Illustration Innovation Technology Poster (5).png
                    [1] => ui_page-0001.jpg
                    [2] => MapInterface_page-0001.jpg
                )

            [type] => Array
                (
                    [0] => image/png
                    [1] => image/jpeg
                    [2] => image/jpeg
                )

            [tmp_name] => Array
                (
                    [0] => C:\xampp\tmp\php2D86.tmp
                    [1] => C:\xampp\tmp\php2D87.tmp
                    [2] => C:\xampp\tmp\php2D97.tmp
                )

            [error] => Array
                (
                    [0] => 0
                    [1] => 0
                    [2] => 0
                )

            [size] => Array
                (
                    [0] => 712504
                    [1] => 211607
                    [2] => 169876
                )

        )

)
Array
(
    [id] => 5
    [productName] => Resistance Bands
    [productDescription] => Set of 3 resistance bands for versatile workouts maybe longer a little bit

    [sizeType] => 
    [price] => 19.99
    [stockQuantity] => 200
    [soldQuantity] => 120
    [category] => 2
    [promotion] => 5
)
Array
(
    [productImages] => Array
        (
            [name] => Array
                (
                    [0] => 
                )

            [full_path] => Array
                (
                    [0] => 
                )

            [type] => Array
                (
                    [0] => 
                )

            [tmp_name] => Array
                (
                    [0] => 
                )

            [error] => Array
                (
                    [0] => 4
                )

            [size] => Array
                (
                    [0] => 0
                )

        )

)
Array
(
    [id] => 5
    [productName] => Resistance Bands
    [productDescription] => Set of 3 resistance bands for versatile workouts

    [sizeType] => 
    [price] => 19.99
    [stockQuantity] => 200
    [soldQuantity] => 120
    [category] => 2
    [promotion] => 5
)
Array
(
    [productImages] => Array
        (
            [name] => Array
                (
                    [0] => 
                )

            [full_path] => Array
                (
                    [0] => 
                )

            [type] => Array
                (
                    [0] => 
                )

            [tmp_name] => Array
                (
                    [0] => 
                )

            [error] => Array
                (
                    [0] => 4
                )

            [size] => Array
                (
                    [0] => 0
                )

        )

)
Array
(
    [id] => 4
    [productName] => Rowing Machine
    [productDescription] => Efficient rowing machine for a full-body workout
    [sizeType] => 
    [price] => 799.99
    [stockQuantity] => 9
    [soldQuantity] => 5
    [category] => 1
    [promotion] => 1
)
Array
(
    [productImages] => Array
        (
            [name] => Array
                (
                    [0] => 
                )

            [full_path] => Array
                (
                    [0] => 
                )

            [type] => Array
                (
                    [0] => 
                )

            [tmp_name] => Array
                (
                    [0] => 
                )

            [error] => Array
                (
                    [0] => 4
                )

            [size] => Array
                (
                    [0] => 0
                )

        )

)
Array
(
    [id] => 28
    [productName] => 4
    [productDescription] => 4
    [sizeType] => 
    [price] => 20
    [stockQuantity] => 4
    [soldQuantity] => 600
    [category] => 3
    [promotion] => 3
)
Array
(
    [productImages] => Array
        (
            [name] => Array
                (
                    [0] => 
                )

            [full_path] => Array
                (
                    [0] => 
                )

            [type] => Array
                (
                    [0] => 
                )

            [tmp_name] => Array
                (
                    [0] => 
                )

            [error] => Array
                (
                    [0] => 4
                )

            [size] => Array
                (
                    [0] => 0
                )

        )

)
Array
(
    [id] => 28
    [productName] => 4
    [productDescription] => 4
    [sizeType] => 
    [price] => 20
    [stockQuantity] => 4
    [soldQuantity] => 600
    [category] => 3
    [promotion] => 3
)
Array
(
    [productImages] => Array
        (
            [name] => Array
                (
                    [0] => 
                )

            [full_path] => Array
                (
                    [0] => 
                )

            [type] => Array
                (
                    [0] => 
                )

            [tmp_name] => Array
                (
                    [0] => 
                )

            [error] => Array
                (
                    [0] => 4
                )

            [size] => Array
                (
                    [0] => 0
                )

        )

    [productVideo] => Array
        (
            [name] => 电脑录屏 - Search and 3 more pages - Personal - Microsoft​ Edge 2024-04-29 09-07-06.mp4
            [full_path] => 电脑录屏 - Search and 3 more pages - Personal - Microsoft​ Edge 2024-04-29 09-07-06.mp4
            [type] => video/mp4
            [tmp_name] => C:\xampp\tmp\phpB993.tmp
            [error] => 0
            [size] => 19221994
        )

)
Array
(
    [id] => 28
    [productName] => 4
    [productDescription] => 4
    [sizeType] => 
    [price] => 20
    [stockQuantity] => 4
    [soldQuantity] => 600
    [category] => 3
    [promotion] => 3
)
Array
(
    [productImages] => Array
        (
            [name] => Array
                (
                    [0] => 
                )

            [full_path] => Array
                (
                    [0] => 
                )

            [type] => Array
                (
                    [0] => 
                )

            [tmp_name] => Array
                (
                    [0] => 
                )

            [error] => Array
                (
                    [0] => 4
                )

            [size] => Array
                (
                    [0] => 0
                )

        )

    [productVideo] => Array
        (
            [name] => 电脑录屏 - Search and 3 more pages - Personal - Microsoft​ Edge 2024-04-29 09-07-06.mp4
            [full_path] => 电脑录屏 - Search and 3 more pages - Personal - Microsoft​ Edge 2024-04-29 09-07-06.mp4
            [type] => video/mp4
            [tmp_name] => C:\xampp\tmp\phpEDD3.tmp
            [error] => 0
            [size] => 19221994
        )

)
Array
(
    [id] => 28
    [productName] => 4
    [productDescription] => 4
    [sizeType] => 
    [price] => 20
    [stockQuantity] => 4
    [soldQuantity] => 600
    [category] => 3
    [promotion] => 3
)
Array
(
    [productImages] => Array
        (
            [name] => Array
                (
                    [0] => 
                )

            [full_path] => Array
                (
                    [0] => 
                )

            [type] => Array
                (
                    [0] => 
                )

            [tmp_name] => Array
                (
                    [0] => 
                )

            [error] => Array
                (
                    [0] => 4
                )

            [size] => Array
                (
                    [0] => 0
                )

        )

    [productVideo] => Array
        (
            [name] => 电脑录屏 - Search and 3 more pages - Personal - Microsoft​ Edge 2024-04-29 09-07-06.mp4
            [full_path] => 电脑录屏 - Search and 3 more pages - Personal - Microsoft​ Edge 2024-04-29 09-07-06.mp4
            [type] => video/mp4
            [tmp_name] => C:\xampp\tmp\php6556.tmp
            [error] => 0
            [size] => 19221994
        )

)
Array
(
    [id] => 28
    [productName] => 4
    [productDescription] => 4
    [sizeType] => 
    [price] => 20
    [stockQuantity] => 4
    [soldQuantity] => 600
    [category] => 3
    [promotion] => 3
)
Array
(
    [productImages] => Array
        (
            [name] => Array
                (
                    [0] => 
                )

            [full_path] => Array
                (
                    [0] => 
                )

            [type] => Array
                (
                    [0] => 
                )

            [tmp_name] => Array
                (
                    [0] => 
                )

            [error] => Array
                (
                    [0] => 4
                )

            [size] => Array
                (
                    [0] => 0
                )

        )

    [productVideo] => Array
        (
            [name] => 电脑录屏 - Search and 3 more pages - Personal - Microsoft​ Edge 2024-04-29 09-07-06.mp4
            [full_path] => 电脑录屏 - Search and 3 more pages - Personal - Microsoft​ Edge 2024-04-29 09-07-06.mp4
            [type] => video/mp4
            [tmp_name] => C:\xampp\tmp\php7063.tmp
            [error] => 0
            [size] => 19221994
        )

)
Array
(
    [id] => 28
    [productName] => 4
    [productDescription] => 4
    [sizeType] => 
    [price] => 20
    [stockQuantity] => 10
    [soldQuantity] => 600
    [category] => 3
    [promotion] => 3
)
Array
(
    [productImages] => Array
        (
            [name] => Array
                (
                    [0] => 
                )

            [full_path] => Array
                (
                    [0] => 
                )

            [type] => Array
                (
                    [0] => 
                )

            [tmp_name] => Array
                (
                    [0] => 
                )

            [error] => Array
                (
                    [0] => 4
                )

            [size] => Array
                (
                    [0] => 0
                )

        )

    [productVideo] => Array
        (
            [name] => 
            [full_path] => 
            [type] => 
            [tmp_name] => 
            [error] => 4
            [size] => 0
        )

)
Array
(
    [id] => 28
    [productName] => 4
    [productDescription] => 4
    [sizeType] => 
    [price] => 20
    [stockQuantity] => 10
    [soldQuantity] => 600
    [category] => 3
    [promotion] => 3
)
Array
(
    [productImages] => Array
        (
            [name] => Array
                (
                    [0] => 
                )

            [full_path] => Array
                (
                    [0] => 
                )

            [type] => Array
                (
                    [0] => 
                )

            [tmp_name] => Array
                (
                    [0] => 
                )

            [error] => Array
                (
                    [0] => 4
                )

            [size] => Array
                (
                    [0] => 0
                )

        )

    [productVideo] => Array
        (
            [name] => 电脑录屏 - Search and 3 more pages - Personal - Microsoft​ Edge 2024-04-29 09-07-06.mp4
            [full_path] => 电脑录屏 - Search and 3 more pages - Personal - Microsoft​ Edge 2024-04-29 09-07-06.mp4
            [type] => video/mp4
            [tmp_name] => C:\xampp\tmp\phpEA1E.tmp
            [error] => 0
            [size] => 19221994
        )

)
Array
(
    [id] => 28
    [productName] => 4
    [productDescription] => 4
    [sizeType] => 
    [price] => 20
    [stockQuantity] => 10
    [soldQuantity] => 600
    [category] => 3
    [promotion] => 3
)
Array
(
    [productImages] => Array
        (
            [name] => Array
                (
                    [0] => 
                )

            [full_path] => Array
                (
                    [0] => 
                )

            [type] => Array
                (
                    [0] => 
                )

            [tmp_name] => Array
                (
                    [0] => 
                )

            [error] => Array
                (
                    [0] => 4
                )

            [size] => Array
                (
                    [0] => 0
                )

        )

    [productVideo] => Array
        (
            [name] => AACS 2034 Fundamentals Of Computer Networks-演示文稿 and 2 more pages - Personal - Microsoft​ Edge 2024-04-29 09-13-48.mp4
            [full_path] => AACS 2034 Fundamentals Of Computer Networks-演示文稿 and 2 more pages - Personal - Microsoft​ Edge 2024-04-29 09-13-48.mp4
            [type] => video/mp4
            [tmp_name] => C:\xampp\tmp\php7D0A.tmp
            [error] => 0
            [size] => 2823999
        )

)
Array
(
    [id] => 28
    [productName] => 4
    [productDescription] => 4
    [sizeType] => 
    [price] => 20
    [stockQuantity] => 10
    [soldQuantity] => 600
    [category] => 2
    [promotion] => 3
)
Array
(
    [productImages] => Array
        (
            [name] => Array
                (
                    [0] => 
                )

            [full_path] => Array
                (
                    [0] => 
                )

            [type] => Array
                (
                    [0] => 
                )

            [tmp_name] => Array
                (
                    [0] => 
                )

            [error] => Array
                (
                    [0] => 4
                )

            [size] => Array
                (
                    [0] => 0
                )

        )

    [productVideo] => Array
        (
            [name] => 
            [full_path] => 
            [type] => 
            [tmp_name] => 
            [error] => 4
            [size] => 0
        )

)
Array
(
    [id] => 4
    [productName] => Rowing Machine
    [productDescription] => Efficient rowing machine for a full-body workout
    [sizeType] => 
    [price] => 799.99
    [stockQuantity] => 9
    [soldQuantity] => 5
    [category] => 1
    [promotion] => 1
)
Array
(
    [productImages] => Array
        (
            [name] => Array
                (
                    [0] => 屏幕截图 2024-09-17 201808.png
                )

            [full_path] => Array
                (
                    [0] => 屏幕截图 2024-09-17 201808.png
                )

            [type] => Array
                (
                    [0] => image/png
                )

            [tmp_name] => Array
                (
                    [0] => C:\xampp\tmp\php5AA7.tmp
                )

            [error] => Array
                (
                    [0] => 0
                )

            [size] => Array
                (
                    [0] => 142935
                )

        )

    [productVideo] => Array
        (
            [name] => 电脑录屏 - Search and 3 more pages - Personal - Microsoft​ Edge 2024-04-29 09-07-06.mp4
            [full_path] => 电脑录屏 - Search and 3 more pages - Personal - Microsoft​ Edge 2024-04-29 09-07-06.mp4
            [type] => video/mp4
            [tmp_name] => C:\xampp\tmp\php5AA8.tmp
            [error] => 0
            [size] => 19221994
        )

)
Array
(
    [id] => 26
    [productName] => 23
    [productDescription] => 2
    [sizeType] => 
    [sizes] => Array
        (
            [0] => S
            [1] => M
            [2] => L
        )

    [price] => 23
    [stockQuantity] => 23
    [soldQuantity] => 23
    [category] => 1
    [promotion] =>  
)
Array
(
    [productImages] => Array
        (
            [name] => Array
                (
                    [0] => 5a6ef43359b6bebec1c4200b4e41975b.jpg
                )

            [full_path] => Array
                (
                    [0] => 5a6ef43359b6bebec1c4200b4e41975b.jpg
                )

            [type] => Array
                (
                    [0] => image/jpeg
                )

            [tmp_name] => Array
                (
                    [0] => C:\xampp\tmp\phpA8E9.tmp
                )

            [error] => Array
                (
                    [0] => 0
                )

            [size] => Array
                (
                    [0] => 85331
                )

        )

    [productVideo] => Array
        (
            [name] => 
            [full_path] => 
            [type] => 
            [tmp_name] => 
            [error] => 4
            [size] => 0
        )

)
Array
(
    [id] => 26
    [productName] => 23
    [productDescription] => 2
    [sizeType] => 
    [sizes] => Array
        (
            [0] => S
            [1] => M
            [2] => L
        )

    [price] => 23
    [stockQuantity] => 9
    [soldQuantity] => 23
    [category] => 1
    [promotion] =>  
)
Array
(
    [productImages] => Array
        (
            [name] => Array
                (
                    [0] => 
                )

            [full_path] => Array
                (
                    [0] => 
                )

            [type] => Array
                (
                    [0] => 
                )

            [tmp_name] => Array
                (
                    [0] => 
                )

            [error] => Array
                (
                    [0] => 4
                )

            [size] => Array
                (
                    [0] => 0
                )

        )

    [productVideo] => Array
        (
            [name] => 
            [full_path] => 
            [type] => 
            [tmp_name] => 
            [error] => 4
            [size] => 0
        )

)
Array
(
    [id] => 27
    [productName] => 3
    [productDescription] => 3
    [sizeType] => 
    [sizes] => Array
        (
            [0] => M
            [1] => L
            [2] => XL
        )

    [price] => 20
    [stockQuantity] => 20
    [soldQuantity] => 20
    [category] => 2
    [promotion] => 1
)
Array
(
    [productImages] => Array
        (
            [name] => Array
                (
                    [0] => 
                )

            [full_path] => Array
                (
                    [0] => 
                )

            [type] => Array
                (
                    [0] => 
                )

            [tmp_name] => Array
                (
                    [0] => 
                )

            [error] => Array
                (
                    [0] => 4
                )

            [size] => Array
                (
                    [0] => 0
                )

        )

    [productVideo] => Array
        (
            [name] => 电脑录屏 - Search and 3 more pages - Personal - Microsoft​ Edge 2024-04-29 09-07-06.mp4
            [full_path] => 电脑录屏 - Search and 3 more pages - Personal - Microsoft​ Edge 2024-04-29 09-07-06.mp4
            [type] => video/mp4
            [tmp_name] => C:\xampp\tmp\php7092.tmp
            [error] => 0
            [size] => 19221994
        )

)
Array
(
    [id] => 26
    [productName] => 23
    [productDescription] => 2
    [sizeType] => 
    [sizes] => Array
        (
            [0] => S
            [1] => M
            [2] => L
        )

    [price] => 23
    [stockQuantity] => 9
    [soldQuantity] => 23
    [category] => 1
    [promotion] =>  
)
Array
(
    [productImages] => Array
        (
            [name] => Array
                (
                    [0] => Colorful Cute Cats Illustration Desktop Wallpaper.png
                    [1] => Colorful Modern Dog Space Desktop Wallpaper.png
                    [2] => Company SSM.jpg
                )

            [full_path] => Array
                (
                    [0] => Colorful Cute Cats Illustration Desktop Wallpaper.png
                    [1] => Colorful Modern Dog Space Desktop Wallpaper.png
                    [2] => Company SSM.jpg
                )

            [type] => Array
                (
                    [0] => image/png
                    [1] => image/png
                    [2] => image/jpeg
                )

            [tmp_name] => Array
                (
                    [0] => C:\xampp\tmp\phpC87.tmp
                    [1] => C:\xampp\tmp\phpC98.tmp
                    [2] => C:\xampp\tmp\phpC99.tmp
                )

            [error] => Array
                (
                    [0] => 0
                    [1] => 0
                    [2] => 0
                )

            [size] => Array
                (
                    [0] => 234964
                    [1] => 2268563
                    [2] => 1302029
                )

        )

    [productVideo] => Array
        (
            [name] => 
            [full_path] => 
            [type] => 
            [tmp_name] => 
            [error] => 4
            [size] => 0
        )

)
Array
(
    [id] => 26
    [productName] => 23
    [productDescription] => 2
    [sizeType] => 
    [sizes] => Array
        (
            [0] => S
            [1] => M
            [2] => L
        )

    [price] => 23
    [stockQuantity] => 9
    [soldQuantity] => 23
    [category] => 1
    [promotion] =>  
)
Array
(
    [productImages] => Array
        (
            [name] => Array
                (
                    [0] => 
                )

            [full_path] => Array
                (
                    [0] => 
                )

            [type] => Array
                (
                    [0] => 
                )

            [tmp_name] => Array
                (
                    [0] => 
                )

            [error] => Array
                (
                    [0] => 4
                )

            [size] => Array
                (
                    [0] => 0
                )

        )

    [productVideo] => Array
        (
            [name] => AACS 2034 Fundamentals Of Computer Networks-演示文稿 and 2 more pages - Personal - Microsoft​ Edge 2024-04-29 09-13-48.mp4
            [full_path] => AACS 2034 Fundamentals Of Computer Networks-演示文稿 and 2 more pages - Personal - Microsoft​ Edge 2024-04-29 09-13-48.mp4
            [type] => video/mp4
            [tmp_name] => C:\xampp\tmp\php91D7.tmp
            [error] => 0
            [size] => 2823999
        )

)
Array
(
    [id] => 26
    [productName] => 23
    [productDescription] => 2
    [sizeType] => 
    [sizes] => Array
        (
            [0] => S
            [1] => M
            [2] => L
        )

    [price] => 23
    [stockQuantity] => 9
    [soldQuantity] => 23
    [category] => 1
    [promotion] =>  
)
Array
(
    [productImages] => Array
        (
            [name] => Array
                (
                    [0] => 
                )

            [full_path] => Array
                (
                    [0] => 
                )

            [type] => Array
                (
                    [0] => 
                )

            [tmp_name] => Array
                (
                    [0] => 
                )

            [error] => Array
                (
                    [0] => 4
                )

            [size] => Array
                (
                    [0] => 0
                )

        )

    [productVideo] => Array
        (
            [name] => AACS 2034 Fundamentals Of Computer Networks-演示文稿 and 2 more pages - Personal - Microsoft​ Edge 2024-04-29 09-13-48.mp4
            [full_path] => AACS 2034 Fundamentals Of Computer Networks-演示文稿 and 2 more pages - Personal - Microsoft​ Edge 2024-04-29 09-13-48.mp4
            [type] => video/mp4
            [tmp_name] => C:\xampp\tmp\php3F2F.tmp
            [error] => 0
            [size] => 2823999
        )

)
Array
(
    [id] => 26
    [productName] => 24
    [productDescription] => 
    [sizeType] => shoe
    [sizes] => Array
        (
            [0] => S
            [1] => M
            [2] => L
            [3] => 5
        )

    [price] => 23
    [stockQuantity] => 9
    [soldQuantity] => 23
    [category] => 1
    [promotion] =>  
)
Array
(
    [productImages] => Array
        (
            [name] => Array
                (
                    [0] => 
                )

            [full_path] => Array
                (
                    [0] => 
                )

            [type] => Array
                (
                    [0] => 
                )

            [tmp_name] => Array
                (
                    [0] => 
                )

            [error] => Array
                (
                    [0] => 4
                )

            [size] => Array
                (
                    [0] => 0
                )

        )

    [productVideo] => Array
        (
            [name] => 
            [full_path] => 
            [type] => 
            [tmp_name] => 
            [error] => 4
            [size] => 0
        )

)
Array
(
    [id] => 26
    [productName] => 24
    [productDescription] => 
    [sizeType] => shoe
    [sizes] => Array
        (
            [0] => S
            [1] => M
            [2] => L
        )

    [price] => 23
    [stockQuantity] => 9
    [soldQuantity] => 23
    [category] => 1
    [promotion] =>  
)
Array
(
    [productImages] => Array
        (
            [name] => Array
                (
                    [0] => 
                )

            [full_path] => Array
                (
                    [0] => 
                )

            [type] => Array
                (
                    [0] => 
                )

            [tmp_name] => Array
                (
                    [0] => 
                )

            [error] => Array
                (
                    [0] => 4
                )

            [size] => Array
                (
                    [0] => 0
                )

        )

    [productVideo] => Array
        (
            [name] => 
            [full_path] => 
            [type] => 
            [tmp_name] => 
            [error] => 4
            [size] => 0
        )

)
Array
(
    [id] => 26
    [productName] => 24
    [productDescription] => ok
    [sizeType] => 
    [sizes] => Array
        (
            [0] => S
            [1] => M
            [2] => L
        )

    [price] => 23
    [stockQuantity] => 9
    [soldQuantity] => 23
    [category] => 1
    [promotion] =>  
)
Array
(
    [productImages] => Array
        (
            [name] => Array
                (
                    [0] => 
                )

            [full_path] => Array
                (
                    [0] => 
                )

            [type] => Array
                (
                    [0] => 
                )

            [tmp_name] => Array
                (
                    [0] => 
                )

            [error] => Array
                (
                    [0] => 4
                )

            [size] => Array
                (
                    [0] => 0
                )

        )

    [productVideo] => Array
        (
            [name] => 
            [full_path] => 
            [type] => 
            [tmp_name] => 
            [error] => 4
            [size] => 0
        )

)
Array
(
    [id] => 32
    [productName] => Testing 1
    [productDescription] => A high-quality treadmill with multiple speed settings
    [sizeType] => 
    [price] => 25
    [stockQuantity] => 6
    [soldQuantity] => 10
    [category] => 16
    [promotion] =>  
)
Array
(
    [productImages] => Array
        (
            [name] => Array
                (
                    [0] => 
                )

            [full_path] => Array
                (
                    [0] => 
                )

            [type] => Array
                (
                    [0] => 
                )

            [tmp_name] => Array
                (
                    [0] => 
                )

            [error] => Array
                (
                    [0] => 4
                )

            [size] => Array
                (
                    [0] => 0
                )

        )

    [productVideo] => Array
        (
            [name] => 
            [full_path] => 
            [type] => 
            [tmp_name] => 
            [error] => 4
            [size] => 0
        )

)
Array
(
    [id] => 32
    [productName] => Testing 1
    [productDescription] => A high-quality treadmill with multiple speed settings
    [sizeType] => 
    [price] => 25
    [stockQuantity] => 6
    [soldQuantity] => 10
    [category] => 16
    [promotion] =>  
)
Array
(
    [productImages] => Array
        (
            [name] => Array
                (
                    [0] => 
                )

            [full_path] => Array
                (
                    [0] => 
                )

            [type] => Array
                (
                    [0] => 
                )

            [tmp_name] => Array
                (
                    [0] => 
                )

            [error] => Array
                (
                    [0] => 4
                )

            [size] => Array
                (
                    [0] => 0
                )

        )

    [productVideo] => Array
        (
            [name] => 
            [full_path] => 
            [type] => 
            [tmp_name] => 
            [error] => 4
            [size] => 0
        )

)
Array
(
    [id] => 1
    [productName] => Treadmill
    [productDescription] => High-performance treadmill with adjustable speed and incline
    [sizeType] => standard
    [sizes] => Array
        (
            [0] => 5
            [1] => 6
            [2] => 7
            [3] => 8
            [4] => 9
        )

    [price] => 1299.99
    [stockQuantity] => 25
    [soldQuantity] => 15
    [category] => 1
    [promotion] => 1
)
Array
(
    [productImages] => Array
        (
            [name] => Array
                (
                    [0] => 2-1F109151022405.jpg
                )

            [full_path] => Array
                (
                    [0] => 2-1F109151022405.jpg
                )

            [type] => Array
                (
                    [0] => image/jpeg
                )

            [tmp_name] => Array
                (
                    [0] => C:\xampp\tmp\php1C9.tmp
                )

            [error] => Array
                (
                    [0] => 0
                )

            [size] => Array
                (
                    [0] => 74659
                )

        )

    [productVideo] => Array
        (
            [name] => 
            [full_path] => 
            [type] => 
            [tmp_name] => 
            [error] => 4
            [size] => 0
        )

)
Array
(
    [id] => 34
    [productName] => 1
    [productDescription] => 1
    [sizeType] => standard
    [sizes] => Array
        (
            [0] => 5
            [1] => 6
            [2] => 7
            [3] => 8
            [4] => 9
        )

    [price] => 12
    [stockQuantity] => 1
    [soldQuantity] => 30
    [category] => 2
    [promotion] =>  
)
Array
(
    [productImages] => Array
        (
            [name] => Array
                (
                    [0] => 
                )

            [full_path] => Array
                (
                    [0] => 
                )

            [type] => Array
                (
                    [0] => 
                )

            [tmp_name] => Array
                (
                    [0] => 
                )

            [error] => Array
                (
                    [0] => 4
                )

            [size] => Array
                (
                    [0] => 0
                )

        )

    [productVideo] => Array
        (
            [name] => 
            [full_path] => 
            [type] => 
            [tmp_name] => 
            [error] => 4
            [size] => 0
        )

)
Array
(
    [id] => 1
    [productName] => Treadmill
    [productDescription] => High-performance treadmill with adjustable speed and incline
    [sizeType] => 
    [price] => 1299.99
    [stockQuantity] => 25
    [soldQuantity] => 15
    [category] => 1
    [promotion] => 1
)
Array
(
    [productImages] => Array
        (
            [name] => Array
                (
                    [0] => Blue Cute Dog Quotes Desktop Wallpaper.png
                )

            [full_path] => Array
                (
                    [0] => Blue Cute Dog Quotes Desktop Wallpaper.png
                )

            [type] => Array
                (
                    [0] => image/png
                )

            [tmp_name] => Array
                (
                    [0] => C:\xampp\tmp\phpD7D7.tmp
                )

            [error] => Array
                (
                    [0] => 0
                )

            [size] => Array
                (
                    [0] => 147773
                )

        )

    [productVideo] => Array
        (
            [name] => 
            [full_path] => 
            [type] => 
            [tmp_name] => 
            [error] => 4
            [size] => 0
        )

)
Array
(
    [id] => 1
    [productName] => Treadmill
    [productDescription] => High-performance treadmill with adjustable speed and incline
    [sizeType] => 
    [price] => 1299.99
    [stockQuantity] => 25
    [soldQuantity] => 15
    [category] => 1
    [promotion] => 1
)
Array
(
    [productImages] => Array
        (
            [name] => Array
                (
                    [0] => 
                )

            [full_path] => Array
                (
                    [0] => 
                )

            [type] => Array
                (
                    [0] => 
                )

            [tmp_name] => Array
                (
                    [0] => 
                )

            [error] => Array
                (
                    [0] => 4
                )

            [size] => Array
                (
                    [0] => 0
                )

        )

    [productVideo] => Array
        (
            [name] => AACS 2034 Fundamentals Of Computer Networks-演示文稿 and 2 more pages - Personal - Microsoft​ Edge 2024-04-29 09-13-48.mp4
            [full_path] => AACS 2034 Fundamentals Of Computer Networks-演示文稿 and 2 more pages - Personal - Microsoft​ Edge 2024-04-29 09-13-48.mp4
            [type] => video/mp4
            [tmp_name] => C:\xampp\tmp\phpF7E3.tmp
            [error] => 0
            [size] => 2823999
        )

)
Array
(
    [id] => 1
    [productName] => Treadmill
    [productDescription] => High-performance treadmill with adjustable speed and incline
    [sizeType] => shoe
    [sizes] => Array
        (
            [0] => 5
            [1] => 6
            [2] => 7
            [3] => 8
        )

    [price] => 1299.99
    [stockQuantity] => 25
    [soldQuantity] => 15
    [category] => 1
    [promotion] => 1
)
Array
(
    [productImages] => Array
        (
            [name] => Array
                (
                    [0] => 2-1F109151022405.jpg
                )

            [full_path] => Array
                (
                    [0] => 2-1F109151022405.jpg
                )

            [type] => Array
                (
                    [0] => image/jpeg
                )

            [tmp_name] => Array
                (
                    [0] => C:\xampp\tmp\php34D6.tmp
                )

            [error] => Array
                (
                    [0] => 0
                )

            [size] => Array
                (
                    [0] => 74659
                )

        )

    [productVideo] => Array
        (
            [name] => AACS 2034 Fundamentals Of Computer Networks-演示文稿 and 2 more pages - Personal - Microsoft​ Edge 2024-04-29 09-13-48.mp4
            [full_path] => AACS 2034 Fundamentals Of Computer Networks-演示文稿 and 2 more pages - Personal - Microsoft​ Edge 2024-04-29 09-13-48.mp4
            [type] => video/mp4
            [tmp_name] => C:\xampp\tmp\php34D7.tmp
            [error] => 0
            [size] => 2823999
        )

)
Array
(
    [id] => 2
    [productName] => Dumbbell Set
    [productDescription] => Set of 5 adjustable dumbbells for strength training
    [sizeType] => shoe
    [sizes] => Array
        (
            [0] => UK 7
            [1] => UK 8
            [2] => UK 9
        )

    [price] => 299.99
    [stockQuantity] => 40
    [soldQuantity] => 20
    [category] => 2
    [promotion] =>  
)
Array
(
    [productImages] => Array
        (
            [name] => Array
                (
                    [0] => photo1688182285 (1).jpeg
                )

            [full_path] => Array
                (
                    [0] => photo1688182285 (1).jpeg
                )

            [type] => Array
                (
                    [0] => image/jpeg
                )

            [tmp_name] => Array
                (
                    [0] => C:\xampp\tmp\php883D.tmp
                )

            [error] => Array
                (
                    [0] => 0
                )

            [size] => Array
                (
                    [0] => 65870
                )

        )

    [productVideo] => Array
        (
            [name] => 
            [full_path] => 
            [type] => 
            [tmp_name] => 
            [error] => 4
            [size] => 0
        )

)
Array
(
    [id] => 1
    [productName] => Treadmill
    [productDescription] => High-performance treadmill with adjustable speed and incline
    [sizeType] => shoe
    [sizes] => Array
        (
            [0] => UK 5
            [1] => UK 6
            [2] => UK 7
        )

    [price] => 1299.99
    [stockQuantity] => 25
    [soldQuantity] => 15
    [category] => 1
    [promotion] => 1
)
Array
(
    [productImages] => Array
        (
            [name] => Array
                (
                    [0] => 
                )

            [full_path] => Array
                (
                    [0] => 
                )

            [type] => Array
                (
                    [0] => 
                )

            [tmp_name] => Array
                (
                    [0] => 
                )

            [error] => Array
                (
                    [0] => 4
                )

            [size] => Array
                (
                    [0] => 0
                )

        )

    [productVideo] => Array
        (
            [name] => 
            [full_path] => 
            [type] => 
            [tmp_name] => 
            [error] => 4
            [size] => 0
        )

)
Array
(
    [id] => 3
    [productName] => Yoga Mat
    [productDescription] => Durable and non-slip yoga mat for various exercises
    [sizeType] => standard
    [sizes] => Array
        (
            [0] => S
            [1] => M
        )

    [price] => 49.99
    [stockQuantity] => 100
    [soldQuantity] => 50
    [category] => 3
    [promotion] =>  
)
Array
(
    [productImages] => Array
        (
            [name] => Array
                (
                    [0] => wallhaven-zyxvqy.jpg
                )

            [full_path] => Array
                (
                    [0] => wallhaven-zyxvqy.jpg
                )

            [type] => Array
                (
                    [0] => image/jpeg
                )

            [tmp_name] => Array
                (
                    [0] => C:\xampp\tmp\php26A1.tmp
                )

            [error] => Array
                (
                    [0] => 0
                )

            [size] => Array
                (
                    [0] => 2643206
                )

        )

    [productVideo] => Array
        (
            [name] => 
            [full_path] => 
            [type] => 
            [tmp_name] => 
            [error] => 4
            [size] => 0
        )

)
Array
(
    [id] => 1
    [productName] => Treadmill
    [productDescription] => High-performance treadmill 
    [sizeType] => 
    [sizes] => Array
        (
            [0] => UK 5
            [1] => UK 6
            [2] => UK 7
        )

    [price] => 1299.99
    [stockQuantity] => 25
    [soldQuantity] => 15
    [category] => 1
    [promotion] => 1
)
Array
(
    [productImages] => Array
        (
            [name] => Array
                (
                    [0] => 
                )

            [full_path] => Array
                (
                    [0] => 
                )

            [type] => Array
                (
                    [0] => 
                )

            [tmp_name] => Array
                (
                    [0] => 
                )

            [error] => Array
                (
                    [0] => 4
                )

            [size] => Array
                (
                    [0] => 0
                )

        )

    [productVideo] => Array
        (
            [name] => 
            [full_path] => 
            [type] => 
            [tmp_name] => 
            [error] => 4
            [size] => 0
        )

)
Array
(
    [id] => 1
    [productName] => Treadmill
    [productDescription] => High-performance treadmill 
    [sizeType] => 
    [sizes] => Array
        (
            [0] => UK 5
            [1] => UK 6
            [2] => UK 7
        )

    [price] => 1299.99
    [stockQuantity] => 5
    [soldQuantity] => 2
    [category] => 1
    [promotion] => 1
)
Array
(
    [productImages] => Array
        (
            [name] => Array
                (
                    [0] => 
                )

            [full_path] => Array
                (
                    [0] => 
                )

            [type] => Array
                (
                    [0] => 
                )

            [tmp_name] => Array
                (
                    [0] => 
                )

            [error] => Array
                (
                    [0] => 4
                )

            [size] => Array
                (
                    [0] => 0
                )

        )

    [productVideo] => Array
        (
            [name] => 
            [full_path] => 
            [type] => 
            [tmp_name] => 
            [error] => 4
            [size] => 0
        )

)
Array
(
    [id] => 2
    [productName] => Dumbbell Set
    [productDescription] => Set of 5 adjustable dumbbells for strength training
    [sizeType] => 
    [sizes] => Array
        (
            [0] => UK 7
            [1] => UK 8
            [2] => UK 9
        )

    [price] => 299.99
    [stockQuantity] => 40
    [soldQuantity] => 2
    [category] => 2
    [promotion] =>  
)
Array
(
    [productImages] => Array
        (
            [name] => Array
                (
                    [0] => 
                )

            [full_path] => Array
                (
                    [0] => 
                )

            [type] => Array
                (
                    [0] => 
                )

            [tmp_name] => Array
                (
                    [0] => 
                )

            [error] => Array
                (
                    [0] => 4
                )

            [size] => Array
                (
                    [0] => 0
                )

        )

    [productVideo] => Array
        (
            [name] => 
            [full_path] => 
            [type] => 
            [tmp_name] => 
            [error] => 4
            [size] => 0
        )

)
Array
(
    [id] => 3
    [productName] => Yoga Mat
    [productDescription] => Durable and non-slip yoga mat for various exercises
    [sizeType] => 
    [sizes] => Array
        (
            [0] => S
            [1] => M
        )

    [price] => 49.99
    [stockQuantity] => 100
    [soldQuantity] => 2
    [category] => 3
    [promotion] =>  
)
Array
(
    [productImages] => Array
        (
            [name] => Array
                (
                    [0] => 
                )

            [full_path] => Array
                (
                    [0] => 
                )

            [type] => Array
                (
                    [0] => 
                )

            [tmp_name] => Array
                (
                    [0] => 
                )

            [error] => Array
                (
                    [0] => 4
                )

            [size] => Array
                (
                    [0] => 0
                )

        )

    [productVideo] => Array
        (
            [name] => 
            [full_path] => 
            [type] => 
            [tmp_name] => 
            [error] => 4
            [size] => 0
        )

)
Array
(
    [id] => 1
    [productName] => Treadmill
    [productDescription] => High-performance treadmill 
    [sizeType] => none
    [sizes] => Array
        (
            [0] => UK 5
            [1] => UK 6
            [2] => UK 7
        )

    [price] => 1299.99
    [stockQuantity] => 5
    [soldQuantity] => 2
    [category] => 1
    [promotion] => 1
)
Array
(
    [productImages] => Array
        (
            [name] => Array
                (
                    [0] => 
                )

            [full_path] => Array
                (
                    [0] => 
                )

            [type] => Array
                (
                    [0] => 
                )

            [tmp_name] => Array
                (
                    [0] => 
                )

            [error] => Array
                (
                    [0] => 4
                )

            [size] => Array
                (
                    [0] => 0
                )

        )

    [productVideo] => Array
        (
            [name] => 
            [full_path] => 
            [type] => 
            [tmp_name] => 
            [error] => 4
            [size] => 0
        )

)
Array
(
    [id] => 1
    [productName] => Treadmill
    [productDescription] => High-performance treadmill 
    [sizeType] => none
    [sizes] => Array
        (
            [0] => UK 5
            [1] => UK 6
            [2] => UK 7
        )

    [price] => 1299.99
    [stockQuantity] => 5
    [soldQuantity] => 2
    [category] => 1
    [promotion] => 1
)
Array
(
    [productImages] => Array
        (
            [name] => Array
                (
                    [0] => 
                )

            [full_path] => Array
                (
                    [0] => 
                )

            [type] => Array
                (
                    [0] => 
                )

            [tmp_name] => Array
                (
                    [0] => 
                )

            [error] => Array
                (
                    [0] => 4
                )

            [size] => Array
                (
                    [0] => 0
                )

        )

    [productVideo] => Array
        (
            [name] => 
            [full_path] => 
            [type] => 
            [tmp_name] => 
            [error] => 4
            [size] => 0
        )

)
Array
(
    [id] => 3
    [productName] => Yoga Mat
    [productDescription] => Durable and non-slip yoga mat for various exercises
    [sizeType] => standard
    [sizes] => Array
        (
            [0] => S
            [1] => M
            [2] => L
        )

    [price] => 49.99
    [stockQuantity] => 100
    [soldQuantity] => 2
    [category] => 3
    [promotion] =>  
)
Array
(
    [productImages] => Array
        (
            [name] => Array
                (
                    [0] => 
                )

            [full_path] => Array
                (
                    [0] => 
                )

            [type] => Array
                (
                    [0] => 
                )

            [tmp_name] => Array
                (
                    [0] => 
                )

            [error] => Array
                (
                    [0] => 4
                )

            [size] => Array
                (
                    [0] => 0
                )

        )

    [productVideo] => Array
        (
            [name] => 
            [full_path] => 
            [type] => 
            [tmp_name] => 
            [error] => 4
            [size] => 0
        )

)
Array
(
    [id] => 2
    [productName] => Dumbbell Set
    [productDescription] => Set of 5 adjustable dumbbells for strength training
    [sizeType] => shoe
    [sizes] => Array
        (
            [0] => UK 6
            [1] => UK 7
            [2] => UK 8
            [3] => UK 9
        )

    [price] => 299.99
    [stockQuantity] => 40
    [soldQuantity] => 2
    [category] => 2
    [promotion] =>  
)
Array
(
    [productImages] => Array
        (
            [name] => Array
                (
                    [0] => 
                )

            [full_path] => Array
                (
                    [0] => 
                )

            [type] => Array
                (
                    [0] => 
                )

            [tmp_name] => Array
                (
                    [0] => 
                )

            [error] => Array
                (
                    [0] => 4
                )

            [size] => Array
                (
                    [0] => 0
                )

        )

    [productVideo] => Array
        (
            [name] => 
            [full_path] => 
            [type] => 
            [tmp_name] => 
            [error] => 4
            [size] => 0
        )

)
Array
(
    [id] => 2
    [productName] => Dumbbell Set
    [productDescription] => Set of 5 adjustable dumbbells for strength training
    [sizeType] => shoe
    [price] => 299.99
    [stockQuantity] => 40
    [soldQuantity] => 2
    [category] => 2
    [promotion] =>  
)
Array
(
    [productImages] => Array
        (
            [name] => Array
                (
                    [0] => 
                )

            [full_path] => Array
                (
                    [0] => 
                )

            [type] => Array
                (
                    [0] => 
                )

            [tmp_name] => Array
                (
                    [0] => 
                )

            [error] => Array
                (
                    [0] => 4
                )

            [size] => Array
                (
                    [0] => 0
                )

        )

    [productVideo] => Array
        (
            [name] => 
            [full_path] => 
            [type] => 
            [tmp_name] => 
            [error] => 4
            [size] => 0
        )

)
Array
(
    [id] => 1
    [productName] => Treadmill
    [productDescription] => High-performance treadmill 
    [sizeType] => none
    [sizes] => Array
        (
            [0] => UK5
            [1] => UK6
            [2] => UK7
        )

    [price] => 1299.99
    [stockQuantity] => 5
    [soldQuantity] => 2
    [category] => 1
    [promotion] => 1
)
Array
(
    [productImages] => Array
        (
            [name] => Array
                (
                    [0] => 
                )

            [full_path] => Array
                (
                    [0] => 
                )

            [type] => Array
                (
                    [0] => 
                )

            [tmp_name] => Array
                (
                    [0] => 
                )

            [error] => Array
                (
                    [0] => 4
                )

            [size] => Array
                (
                    [0] => 0
                )

        )

    [productVideo] => Array
        (
            [name] => 
            [full_path] => 
            [type] => 
            [tmp_name] => 
            [error] => 4
            [size] => 0
        )

)
Array
(
    [id] => 1
    [productName] => Treadmill
    [productDescription] => High-performance treadmill 
    [sizeType] => shoe
    [sizes] => Array
        (
            [0] => UK5
        )

    [price] => 1299.99
    [stockQuantity] => 5
    [soldQuantity] => 2
    [category] => 1
    [promotion] => 1
)
Array
(
    [productImages] => Array
        (
            [name] => Array
                (
                    [0] => 
                )

            [full_path] => Array
                (
                    [0] => 
                )

            [type] => Array
                (
                    [0] => 
                )

            [tmp_name] => Array
                (
                    [0] => 
                )

            [error] => Array
                (
                    [0] => 4
                )

            [size] => Array
                (
                    [0] => 0
                )

        )

    [productVideo] => Array
        (
            [name] => 
            [full_path] => 
            [type] => 
            [tmp_name] => 
            [error] => 4
            [size] => 0
        )

)
Array
(
    [id] => 1
    [productName] => Treadmill
    [productDescription] => High-performance treadmill 
    [sizeType] => 
    [sizes] => Array
        (
            [0] => UK5
        )

    [price] => 1200
    [stockQuantity] => 5
    [soldQuantity] => 2
    [category] => 1
    [promotion] => 1
)
Array
(
    [productImages] => Array
        (
            [name] => Array
                (
                    [0] => 
                )

            [full_path] => Array
                (
                    [0] => 
                )

            [type] => Array
                (
                    [0] => 
                )

            [tmp_name] => Array
                (
                    [0] => 
                )

            [error] => Array
                (
                    [0] => 4
                )

            [size] => Array
                (
                    [0] => 0
                )

        )

    [productVideo] => Array
        (
            [name] => 
            [full_path] => 
            [type] => 
            [tmp_name] => 
            [error] => 4
            [size] => 0
        )

)
Array
(
    [id] => 2
    [productName] => Dumbbell Set
    [productDescription] => Set of 5 adjustable dumbbells
    [sizeType] => 
    [sizes] => Array
        (
            [0] => UK6
            [1] => UK7
            [2] => UK8
            [3] => UK9
        )

    [price] => 299.99
    [stockQuantity] => 40
    [soldQuantity] => 2
    [category] => 2
    [promotion] =>  
)
Array
(
    [productImages] => Array
        (
            [name] => Array
                (
                    [0] => 
                )

            [full_path] => Array
                (
                    [0] => 
                )

            [type] => Array
                (
                    [0] => 
                )

            [tmp_name] => Array
                (
                    [0] => 
                )

            [error] => Array
                (
                    [0] => 4
                )

            [size] => Array
                (
                    [0] => 0
                )

        )

    [productVideo] => Array
        (
            [name] => 
            [full_path] => 
            [type] => 
            [tmp_name] => 
            [error] => 4
            [size] => 0
        )

)
Array
(
    [id] => 2
    [productName] => Dumbbell Set
    [productDescription] => Set of 5 adjustable dumbbells
    [sizeType] => shoe
    [sizes] => Array
        (
            [0] => UK8
            [1] => UK9
        )

    [price] => 299.99
    [stockQuantity] => 40
    [soldQuantity] => 2
    [category] => 2
    [promotion] =>  
)
Array
(
    [productImages] => Array
        (
            [name] => Array
                (
                    [0] => 
                )

            [full_path] => Array
                (
                    [0] => 
                )

            [type] => Array
                (
                    [0] => 
                )

            [tmp_name] => Array
                (
                    [0] => 
                )

            [error] => Array
                (
                    [0] => 4
                )

            [size] => Array
                (
                    [0] => 0
                )

        )

    [productVideo] => Array
        (
            [name] => 
            [full_path] => 
            [type] => 
            [tmp_name] => 
            [error] => 4
            [size] => 0
        )

)
Array
(
    [id] => 2
    [productName] => Dumbbell Set
    [productDescription] => Set of 5 adjustable dumbbells
    [sizeType] => shoe
    [sizes] => Array
        (
            [0] => UK8
            [1] => UK9
        )

    [price] => 299.99
    [stockQuantity] => 40
    [soldQuantity] => 2
    [category] => 2
    [promotion] =>  
)
Array
(
    [productImages] => Array
        (
            [name] => Array
                (
                    [0] => 
                )

            [full_path] => Array
                (
                    [0] => 
                )

            [type] => Array
                (
                    [0] => 
                )

            [tmp_name] => Array
                (
                    [0] => 
                )

            [error] => Array
                (
                    [0] => 4
                )

            [size] => Array
                (
                    [0] => 0
                )

        )

    [productVideo] => Array
        (
            [name] => 
            [full_path] => 
            [type] => 
            [tmp_name] => 
            [error] => 4
            [size] => 0
        )

)
Array
(
    [id] => 2
    [productName] => Dumbbell Set
    [productDescription] => Set of 5 adjustable dumbbells
    [sizeType] => 
    [sizes] => Array
        (
            [0] => UK8
            [1] => UK9
        )

    [price] => 299.99
    [stockQuantity] => 40
    [soldQuantity] => 2
    [category] => 2
    [promotion] =>  
    [productVideoLink] => https://youtu.be/1bPDx4EyWe8?si=J8ziFIhkUpLIM30V
)
Array
(
    [productImages] => Array
        (
            [name] => Array
                (
                    [0] => 
                )

            [full_path] => Array
                (
                    [0] => 
                )

            [type] => Array
                (
                    [0] => 
                )

            [tmp_name] => Array
                (
                    [0] => 
                )

            [error] => Array
                (
                    [0] => 4
                )

            [size] => Array
                (
                    [0] => 0
                )

        )

)
Array
(
    [id] => 2
    [productName] => Dumbbell Set
    [productDescription] => Set of 5 adjustable dumbbells
    [sizeType] => 
    [sizes] => Array
        (
            [0] => UK8
            [1] => UK9
        )

    [price] => 299.99
    [stockQuantity] => 40
    [soldQuantity] => 2
    [category] => 2
    [promotion] =>  
    [productVideoLink] => https://youtu.be/1bPDx4EyWe8?si=J8ziFIhkUpLIM30V
)
Array
(
    [productImages] => Array
        (
            [name] => Array
                (
                    [0] => 
                )

            [full_path] => Array
                (
                    [0] => 
                )

            [type] => Array
                (
                    [0] => 
                )

            [tmp_name] => Array
                (
                    [0] => 
                )

            [error] => Array
                (
                    [0] => 4
                )

            [size] => Array
                (
                    [0] => 0
                )

        )

)
Array
(
    [id] => 2
    [productName] => Dumbbell Set
    [productDescription] => Set of 5 adjustable dumbbells
    [sizeType] => 
    [sizes] => Array
        (
            [0] => UK8
            [1] => UK9
        )

    [price] => 299.99
    [stockQuantity] => 40
    [soldQuantity] => 2
    [category] => 2
    [promotion] =>  
    [productVideoLink] => https://www.youtube.com/embed/1bPDx4EyWe8?si=D3zCF8eCNN8NXMa_
)
Array
(
    [productImages] => Array
        (
            [name] => Array
                (
                    [0] => 
                )

            [full_path] => Array
                (
                    [0] => 
                )

            [type] => Array
                (
                    [0] => 
                )

            [tmp_name] => Array
                (
                    [0] => 
                )

            [error] => Array
                (
                    [0] => 4
                )

            [size] => Array
                (
                    [0] => 0
                )

        )

)
Array
(
    [id] => 39
    [productName] => Treadmill
    [productDescription] => High-performance treadmill
    [sizeType] => 
    [price] => 1299.99
    [stockQuantity] => 50
    [soldQuantity] => 30
    [category] => 1
    [promotion] => 13
    [productVideoLink] => https://youtu.be/1bPDx4EyWe8?si=KH5xHzAulORljGAr
)
Array
(
    [productImages] => Array
        (
            [name] => Array
                (
                    [0] => 
                )

            [full_path] => Array
                (
                    [0] => 
                )

            [type] => Array
                (
                    [0] => 
                )

            [tmp_name] => Array
                (
                    [0] => 
                )

            [error] => Array
                (
                    [0] => 4
                )

            [size] => Array
                (
                    [0] => 0
                )

        )

)
Array
(
    [id] => 39
    [productName] => Treadmill
    [productDescription] => High-performance treadmill
    [sizeType] => 
    [price] => 1299.99
    [stockQuantity] => 50
    [soldQuantity] => 30
    [category] => 1
    [promotion] => 13
    [productVideoLink] => https://youtu.be/1bPDx4EyWe8?si=KH5xHzAulORljGAr
)
Array
(
    [productImages] => Array
        (
            [name] => Array
                (
                    [0] => 
                )

            [full_path] => Array
                (
                    [0] => 
                )

            [type] => Array
                (
                    [0] => 
                )

            [tmp_name] => Array
                (
                    [0] => 
                )

            [error] => Array
                (
                    [0] => 4
                )

            [size] => Array
                (
                    [0] => 0
                )

        )

)
Array
(
    [id] => 39
    [productName] => Treadmill
    [productDescription] => High-performance treadmill
    [sizeType] => 
    [price] => 1299.99
    [stockQuantity] => 50
    [soldQuantity] => 30
    [category] => 1
    [promotion] => 13
    [productVideoLink] => https://youtu.be/1bPDx4EyWe8?si=KH5xHzAulORljGAr
)
Array
(
    [productImages] => Array
        (
            [name] => Array
                (
                    [0] => 
                )

            [full_path] => Array
                (
                    [0] => 
                )

            [type] => Array
                (
                    [0] => 
                )

            [tmp_name] => Array
                (
                    [0] => 
                )

            [error] => Array
                (
                    [0] => 4
                )

            [size] => Array
                (
                    [0] => 0
                )

        )

)
Array
(
    [id] => 39
    [productName] => Treadmill
    [productDescription] => High-performance treadmill
    [sizeType] => 
    [price] => 1299.99
    [stockQuantity] => 50
    [soldQuantity] => 30
    [category] => 1
    [promotion] => 13
    [productVideoLink] => https://youtu.be/1bPDx4EyWe8?si=KH5xHzAulORljGAr
)
Array
(
    [productImages] => Array
        (
            [name] => Array
                (
                    [0] => 
                )

            [full_path] => Array
                (
                    [0] => 
                )

            [type] => Array
                (
                    [0] => 
                )

            [tmp_name] => Array
                (
                    [0] => 
                )

            [error] => Array
                (
                    [0] => 4
                )

            [size] => Array
                (
                    [0] => 0
                )

        )

)
Array
(
    [id] => 39
    [productName] => Treadmill
    [productDescription] => High-performance treadmill
    [sizeType] => 
    [price] => 1299.99
    [stockQuantity] => 50
    [soldQuantity] => 30
    [category] => 1
    [promotion] => 13
    [productVideoLink] => https://www.youtube.com/embed/1bPDx4EyWe8?si=eCg42mTBV1vBwmNu
)
Array
(
    [productImages] => Array
        (
            [name] => Array
                (
                    [0] => 
                )

            [full_path] => Array
                (
                    [0] => 
                )

            [type] => Array
                (
                    [0] => 
                )

            [tmp_name] => Array
                (
                    [0] => 
                )

            [error] => Array
                (
                    [0] => 4
                )

            [size] => Array
                (
                    [0] => 0
                )

        )

)
Array
(
    [id] => 39
    [productName] => Treadmill
    [productDescription] => High-performance treadmill
    [sizeType] => standard
    [sizes] => Array
        (
            [0] => M
            [1] => L
        )

    [price] => 1299.99
    [stockQuantity] => 50
    [soldQuantity] => 30
    [category] => 1
    [promotion] => 13
    [productVideoLink] => https://www.youtube.com/embed/1bPDx4EyWe8?si=eCg42mTBV1vBwmNu
)
Array
(
    [productImages] => Array
        (
            [name] => Array
                (
                    [0] => 
                )

            [full_path] => Array
                (
                    [0] => 
                )

            [type] => Array
                (
                    [0] => 
                )

            [tmp_name] => Array
                (
                    [0] => 
                )

            [error] => Array
                (
                    [0] => 4
                )

            [size] => Array
                (
                    [0] => 0
                )

        )

)
Array
(
    [id] => 44
    [productName] => Protein Shake
    [productDescription] => Chocolate flavor protein powder
    [sizeType] => 
    [price] => 19.99
    [stockQuantity] => 200
    [soldQuantity] => 150
    [category] => 45
    [promotion] => 15
    [productVideoLink] => 
)
Array
(
    [productImages] => Array
        (
            [name] => Array
                (
                    [0] => 
                )

            [full_path] => Array
                (
                    [0] => 
                )

            [type] => Array
                (
                    [0] => 
                )

            [tmp_name] => Array
                (
                    [0] => 
                )

            [error] => Array
                (
                    [0] => 4
                )

            [size] => Array
                (
                    [0] => 0
                )

        )

)
Array
(
    [id] => 40
    [productName] => Dumbbells
    [productDescription] => Set of 5kg dumbbells
    [sizeType] => 
    [price] => 29.99
    [stockQuantity] => 100
    [soldQuantity] => 90
    [category] => 46
    [promotion] => 14
    [productVideoLink] => 
)
Array
(
    [productImages] => Array
        (
            [name] => Array
                (
                    [0] => 
                )

            [full_path] => Array
                (
                    [0] => 
                )

            [type] => Array
                (
                    [0] => 
                )

            [tmp_name] => Array
                (
                    [0] => 
                )

            [error] => Array
                (
                    [0] => 4
                )

            [size] => Array
                (
                    [0] => 0
                )

        )

)
Array
(
    [id] => 40
    [productName] => Dumbbells
    [productDescription] => Set of 5kg dumbbells
    [sizeType] => 
    [price] => 29.99
    [stockQuantity] => 100
    [soldQuantity] => 90
    [category] => 46
    [promotion] => 14
    [productVideoLink] => 
)
Array
(
    [productImages] => Array
        (
            [name] => Array
                (
                    [0] => 
                )

            [full_path] => Array
                (
                    [0] => 
                )

            [type] => Array
                (
                    [0] => 
                )

            [tmp_name] => Array
                (
                    [0] => 
                )

            [error] => Array
                (
                    [0] => 4
                )

            [size] => Array
                (
                    [0] => 0
                )

        )

)
